16/10/26 22:58:30 : Socket Error # 11001<EOL>Host not found.
16/10/26 23:01:02 : Socket Error # 11001<EOL>Host not found.
16/10/26 23:03:44 : Socket Error # 11001<EOL>Host not found.
16/10/26 23:07:03 : Socket Error # 11001<EOL>Host not found.
16/11/22 21:36:06 : Socket Error # 10060<EOL>Connection timed out.
16/11/22 21:46:04 : Socket Error # 10060<EOL>Connection timed out.
16/11/22 21:47:40 : Socket Error # 10060<EOL>Connection timed out.
16/11/22 21:53:25 : Socket Error # 10060<EOL>Connection timed out.
16/11/22 21:54:18 : Socket Error # 10060<EOL>Connection timed out.
16/11/22 21:55:07 : Socket Error # 10060<EOL>Connection timed out.
16/11/22 21:57:19 : Socket Error # 10060<EOL>Connection timed out.
16/11/22 21:57:48 : Socket Error # 10060<EOL>Connection timed out.
16/11/22 22:03:04 : Socket Error # 10060<EOL>Connection timed out.
16/11/22 22:08:53 : Socket Error # 10060<EOL>Connection timed out.
16/11/22 22:10:55 : Socket Error # 10060<EOL>Connection timed out.
16/11/22 22:11:32 : Socket Error # 10060<EOL>Connection timed out.
16/11/22 22:21:50 : Socket Error # 10060<EOL>Connection timed out.
16/11/22 22:22:16 : Socket Error # 10060<EOL>Connection timed out.
16/11/22 22:23:19 : Socket Error # 10060<EOL>Connection timed out.
16/11/22 22:25:22 : Socket Error # 10060<EOL>Connection timed out.
16/11/22 22:33:36 : Socket Error # 10060<EOL>Connection timed out.
16/11/22 22:44:11 : Socket Error # 10060<EOL>Connection timed out.
16/11/22 22:53:13 : Socket Error # 10060<EOL>Connection timed out.
16/11/22 22:53:46 : Socket Error # 10060<EOL>Connection timed out.
16/11/22 22:54:49 : Socket Error # 10060<EOL>Connection timed out.
16/11/22 22:56:16 : Socket Error # 10060<EOL>Connection timed out.
16/11/22 22:56:56 : Connection Closed Gracefully.
16/11/22 22:57:44 : Connection Closed Gracefully.
16/11/22 22:58:21 : Connection Closed Gracefully.
16/11/22 22:58:37 : Connection Closed Gracefully.
16/11/22 23:01:07 : Socket Error # 10060<EOL>Connection timed out.
16/11/22 23:01:20 : Socket Error # 10060<EOL>Connection timed out.
16/11/22 23:01:31 : Socket Error # 10060<EOL>Connection timed out.
16/11/22 23:02:59 : Socket Error # 10060<EOL>Connection timed out.
16/11/22 23:12:17 : Socket Error # 10060<EOL>Connection timed out.
16/12/26 21:28:16 : The recipient address <edward@> is not a valid RFC-5321 address. w135sm13064420vkw.11 - gsmtp<EOL>
16/12/26 21:30:18 : The recipient address <edward@> is not a valid RFC-5321 address. l94sm13150895ual.9 - gsmtp<EOL>
16/12/26 21:38:32 : The recipient address <edward@> is not a valid RFC-5321 address. 76sm12240396uad.28 - gsmtp<EOL>
16/12/26 21:40:34 : The recipient address <edward@> is not a valid RFC-5321 address. 103sm13054376uaj.0 - gsmtp<EOL>
16/12/26 21:42:20 : The recipient address <edward@> is not a valid RFC-5321 address. i62sm13291795uai.26 - gsmtp<EOL>
16/12/26 21:45:48 : The recipient address <edward@> is not a valid RFC-5321 address. a79sm13097102vke.9 - gsmtp<EOL>
16/12/26 21:46:10 : The recipient address <edward@> is not a valid RFC-5321 address. 62sm13234501uay.12 - gsmtp<EOL>
17/01/17 22:14:26 : Socket Error # 10060<EOL>Connection timed out.
17/01/18 22:31:12 : Message is missing recipient's address
